<?xml version="1.0" encoding="UTF-8"?>
<testsuite xmlns:xsi="http://www.w3.org/2001/XMLSchema-instance" xsi:noNamespaceSchemaLocation="https://maven.apache.org/surefire/maven-surefire-plugin/xsd/surefire-test-report.xsd" version="3.0.2" name="com.rdzvn.polizasdefaltantes.service.PolizaServiceTest" time="0.742" tests="10" errors="0" skipped="0" failures="0" flakes="0">
  <properties>
[...]
</properties>
  <testcase name="debeLanzarExcepcion_cuandoSkuNoExiste" classname="com.rdzvn.polizasdefaltantes.service.PolizaServiceTest" time="0.609">
    <system-out><![CDATA[2026-06-23T13:01:59.296-07:00  INFO 6412 --- [polizasdefaltantes] [           main] c.r.p.service.PolizaService              : Iniciando creación de póliza - empleado ID: 1, SKU: SKU-INEXISTENTE, cantidad: 5
]]></system-out>
  </testcase>
  <testcase name="debeActualizarPoliza_cuandoSkuDiferente" classname="com.rdzvn.polizasdefaltantes.service.PolizaServiceTest" time="0.021">
    <system-out><![CDATA[2026-06-23T13:01:59.380-07:00  INFO 6412 --- [polizasdefaltantes] [           main] c.r.p.service.PolizaService              : Iniciando actualización de póliza — ID: 1, SKU: SKU-002, nueva cantidad: 4
2026-06-23T13:01:59.383-07:00  INFO 6412 --- [polizasdefaltantes] [           main] c.r.p.service.PolizaService              : Inventario anterior restaurado — SKU: SKU-001, cantidad restaurada: 5
2026-06-23T13:01:59.384-07:00  INFO 6412 --- [polizasdefaltantes] [           main] c.r.p.service.PolizaService              : Inventario nuevo descontado — SKU: SKU-002, cantidad descontada: 4
2026-06-23T13:01:59.386-07:00  INFO 6412 --- [polizasdefaltantes] [           main] c.r.p.service.PolizaService              : Póliza actualizada exitosamente — ID: 1
]]></system-out>
  </testcase>
  <testcase name="debeLanzarExcepcion_cuandoPolizaNoExisteAlActualizar" classname="com.rdzvn.polizasdefaltantes.service.PolizaServiceTest" time="0.013">
    <system-out><![CDATA[2026-06-23T13:01:59.400-07:00  INFO 6412 --- [polizasdefaltantes] [           main] c.r.p.service.PolizaService              : Iniciando actualización de póliza — ID: 99, SKU: SKU-001, nueva cantidad: 5
]]></system-out>
  </testcase>
  <testcase name="debeActualizarPoliza_cuandoMismoSkuYCantidadMayor" classname="com.rdzvn.polizasdefaltantes.service.PolizaServiceTest" time="0.011">
    <system-out><![CDATA[2026-06-23T13:01:59.413-07:00  INFO 6412 --- [polizasdefaltantes] [           main] c.r.p.service.PolizaService              : Iniciando actualización de póliza — ID: 1, SKU: SKU-001, nueva cantidad: 8
2026-06-23T13:01:59.414-07:00  INFO 6412 --- [polizasdefaltantes] [           main] c.r.p.service.PolizaService              : Inventario descontado parcialmente — SKU: SKU-001, diferencia descontada: 3
2026-06-23T13:01:59.416-07:00  INFO 6412 --- [polizasdefaltantes] [           main] c.r.p.service.PolizaService              : Póliza actualizada exitosamente — ID: 1
]]></system-out>
  </testcase>
  <testcase name="debeActualizarPoliza_cuandoMismoSkuYCantidadMenor" classname="com.rdzvn.polizasdefaltantes.service.PolizaServiceTest" time="0.016">
    <system-out><![CDATA[2026-06-23T13:01:59.428-07:00  INFO 6412 --- [polizasdefaltantes] [           main] c.r.p.service.PolizaService              : Iniciando actualización de póliza — ID: 1, SKU: SKU-001, nueva cantidad: 3
2026-06-23T13:01:59.430-07:00  INFO 6412 --- [polizasdefaltantes] [           main] c.r.p.service.PolizaService              : Inventario restaurado parcialmente — SKU: SKU-001, diferencia devuelta: 2
2026-06-23T13:01:59.432-07:00  INFO 6412 --- [polizasdefaltantes] [           main] c.r.p.service.PolizaService              : Póliza actualizada exitosamente — ID: 1
]]></system-out>
  </testcase>
  <testcase name="debeEliminarPoliza_yRestaurarInventario" classname="com.rdzvn.polizasdefaltantes.service.PolizaServiceTest" time="0.011">
    <system-out><![CDATA[2026-06-23T13:01:59.442-07:00  INFO 6412 --- [polizasdefaltantes] [           main] c.r.p.service.PolizaService              : Iniciando eliminación de póliza — ID: 1
2026-06-23T13:01:59.443-07:00  INFO 6412 --- [polizasdefaltantes] [           main] c.r.p.service.PolizaService              : Inventario restaurado — SKU: SKU-001, cantidad restaurada: 5
2026-06-23T13:01:59.443-07:00  INFO 6412 --- [polizasdefaltantes] [           main] c.r.p.service.PolizaService              : Póliza eliminada exitosamente — ID: 1
]]></system-out>
  </testcase>
  <testcase name="debeLanzarExcepcion_cuandoPolizaNoExisteAlEliminar" classname="com.rdzvn.polizasdefaltantes.service.PolizaServiceTest" time="0.009">
    <system-out><![CDATA[2026-06-23T13:01:59.458-07:00  INFO 6412 --- [polizasdefaltantes] [           main] c.r.p.service.PolizaService              : Iniciando eliminación de póliza — ID: 99
]]></system-out>
  </testcase>
  <testcase name="debeLanzarExcepcion_cuandoInventarioEsInsuficiente" classname="com.rdzvn.polizasdefaltantes.service.PolizaServiceTest" time="0.011">
    <system-out><![CDATA[2026-06-23T13:01:59.469-07:00  INFO 6412 --- [polizasdefaltantes] [           main] c.r.p.service.PolizaService              : Iniciando creación de póliza - empleado ID: 1, SKU: SKU-001, cantidad: 10
2026-06-23T13:01:59.470-07:00  WARN 6412 --- [polizasdefaltantes] [           main] c.r.p.service.PolizaService              : Inventario insuficiente - SKU: SKU-001, solicitando: 10, disponible: 20
]]></system-out>
  </testcase>
  <testcase name="debeCrearPoliza_cuandoInventarioEsSuficiente" classname="com.rdzvn.polizasdefaltantes.service.PolizaServiceTest" time="0.011">
    <system-out><![CDATA[2026-06-23T13:01:59.481-07:00  INFO 6412 --- [polizasdefaltantes] [           main] c.r.p.service.PolizaService              : Iniciando creación de póliza - empleado ID: 1, SKU: SKU-001, cantidad: 5
2026-06-23T13:01:59.483-07:00  INFO 6412 --- [polizasdefaltantes] [           main] c.r.p.service.PolizaService              : Póliza creada exitosamente — ID: null, SKU: SKU-001, inventario restante: 15
]]></system-out>
  </testcase>
  <testcase name="debeLanzarExcepcion_cuandoEmpleadoNoExiste" classname="com.rdzvn.polizasdefaltantes.service.PolizaServiceTest" time="0.009">
    <system-out><![CDATA[2026-06-23T13:01:59.493-07:00  INFO 6412 --- [polizasdefaltantes] [           main] c.r.p.service.PolizaService              : Iniciando creación de póliza - empleado ID: 99, SKU: SKU-001, cantidad: 5
]]></system-out>
  </testcase>
</testsuite>